# JRE version: Java(TM) SE Runtime Environment (7.0_51-b13) (build 1.7.0_51-b13)
# Java VM: Java HotSpot(TM) 64-Bit Server VM (24.51-b03 mixed mode windows-amd64 compressed oops)
Heap
 PSYoungGen      total 203264K, used 35057K [0x00000000eb480000, 0x00000000f8f00000, 0x0000000100000000)
  eden space 187904K, 15% used [0x00000000eb480000,0x00000000ed1a75a0,0x00000000f6c00000)
  from space 15360K, 33% used [0x00000000f8000000,0x00000000f8514f60,0x00000000f8f00000)
  to   space 17920K, 0% used [0x00000000f6c00000,0x00000000f6c00000,0x00000000f7d80000)
 ParOldGen       total 54784K, used 36114K [0x00000000c1e00000, 0x00000000c5380000, 0x00000000eb480000)
  object space 54784K, 65% used [0x00000000c1e00000,0x00000000c4144968,0x00000000c5380000)
 PSPermGen       total 35328K, used 21058K [0x00000000bcc00000, 0x00000000bee80000, 0x00000000c1e00000)
  object space 35328K, 59% used [0x00000000bcc00000,0x00000000be0909d0,0x00000000bee80000)
GC Heap History (10 events):
Event: 16.251 GC heap before
{Heap before GC invocations=15 (full 1):
 PSYoungGen      total 96768K, used 84550K [0x00000000eb480000, 0x00000000f3800000, 0x0000000100000000)
  eden space 78336K, 100% used [0x00000000eb480000,0x00000000f0100000,0x00000000f0100000)
  from space 18432K, 33% used [0x00000000f0100000,0x00000000f0711ac0,0x00000000f1300000)
  to   space 17408K, 0% used [0x00000000f2700000,0x00000000f2700000,0x00000000f3800000)
 ParOldGen       total 54784K, used 34318K [0x00000000c1e00000, 0x00000000c5380000, 0x00000000eb480000)
  object space 54784K, 62% used [0x00000000c1e00000,0x00000000c3f839d0,0x00000000c5380000)
 PSPermGen       total 35328K, used 20127K [0x00000000bcc00000, 0x00000000bee80000, 0x00000000c1e00000)
  object space 35328K, 56% used [0x00000000bcc00000,0x00000000bdfa7c60,0x00000000bee80000)
Event: 16.261 GC heap after
Heap after GC invocations=15 (full 1):
 PSYoungGen      total 117760K, used 7508K [0x00000000eb480000, 0x00000000f4000000, 0x0000000100000000)
  eden space 100352K, 0% used [0x00000000eb480000,0x00000000eb480000,0x00000000f1680000)
  from space 17408K, 43% used [0x00000000f2700000,0x00000000f2e551f8,0x00000000f3800000)
  to   space 16896K, 0% used [0x00000000f1680000,0x00000000f1680000,0x00000000f2700000)
 ParOldGen       total 54784K, used 34318K [0x00000000c1e00000, 0x00000000c5380000, 0x00000000eb480000)
  object space 54784K, 62% used [0x00000000c1e00000,0x00000000c3f839d0,0x00000000c5380000)
 PSPermGen       total 35328K, used 20127K [0x00000000bcc00000, 0x00000000bee80000, 0x00000000c1e00000)
  object space 35328K, 56% used [0x00000000bcc00000,0x00000000bdfa7c60,0x00000000bee80000)
}
Event: 16.396 GC heap before
{Heap before GC invocations=16 (full 1):
 PSYoungGen      total 117760K, used 107860K [0x00000000eb480000, 0x00000000f4000000, 0x0000000100000000)
  eden space 100352K, 100% used [0x00000000eb480000,0x00000000f1680000,0x00000000f1680000)
  from space 17408K, 43% used [0x00000000f2700000,0x00000000f2e551f8,0x00000000f3800000)
  to   space 16896K, 0% used [0x00000000f1680000,0x00000000f1680000,0x00000000f2700000)
 ParOldGen       total 54784K, used 34318K [0x00000000c1e00000, 0x00000000c5380000, 0x00000000eb480000)
  object space 54784K, 62% used [0x00000000c1e00000,0x00000000c3f839d0,0x00000000c5380000)
 PSPermGen       total 35328K, used 20127K [0x00000000bcc00000, 0x00000000bee80000, 0x00000000c1e00000)
  object space 35328K, 56% used [0x00000000bcc00000,0x00000000bdfa7c80,0x00000000bee80000)
Event: 16.409 GC heap after
Heap after GC invocations=16 (full 1):
 PSYoungGen      total 117248K, used 9536K [0x00000000eb480000, 0x00000000f6200000, 0x0000000100000000)
  eden space 100352K, 0% used [0x00000000eb480000,0x00000000eb480000,0x00000000f1680000)
  from space 16896K, 56% used [0x00000000f1680000,0x00000000f1fd0018,0x00000000f2700000)
  to   space 16896K, 0% used [0x00000000f5180000,0x00000000f5180000,0x00000000f6200000)
 ParOldGen       total 54784K, used 34318K [0x00000000c1e00000, 0x00000000c5380000, 0x00000000eb480000)
  object space 54784K, 62% used [0x00000000c1e00000,0x00000000c3f839d0,0x00000000c5380000)
 PSPermGen       total 35328K, used 20127K [0x00000000bcc00000, 0x00000000bee80000, 0x00000000c1e00000)
  object space 35328K, 56% used [0x00000000bcc00000,0x00000000bdfa7c80,0x00000000bee80000)
}
Event: 16.512 GC heap before
{Heap before GC invocations=17 (full 1):
 PSYoungGen      total 117248K, used 109888K [0x00000000eb480000, 0x00000000f6200000, 0x0000000100000000)
  eden space 100352K, 100% used [0x00000000eb480000,0x00000000f1680000,0x00000000f1680000)
  from space 16896K, 56% used [0x00000000f1680000,0x00000000f1fd0018,0x00000000f2700000)
  to   space 16896K, 0% used [0x00000000f5180000,0x00000000f5180000,0x00000000f6200000)
 ParOldGen       total 54784K, used 34318K [0x00000000c1e00000, 0x00000000c5380000, 0x00000000eb480000)
  object space 54784K, 62% used [0x00000000c1e00000,0x00000000c3f839d0,0x00000000c5380000)
 PSPermGen       total 35328K, used 20127K [0x00000000bcc00000, 0x00000000bee80000, 0x00000000c1e00000)
  object space 35328K, 56% used [0x00000000bcc00000,0x00000000bdfa7d70,0x00000000bee80000)
Event: 16.525 GC heap after
Heap after GC invocations=17 (full 1):
 PSYoungGen      total 160256K, used 10484K [0x00000000eb480000, 0x00000000f6680000, 0x0000000100000000)
  eden space 143360K, 0% used [0x00000000eb480000,0x00000000eb480000,0x00000000f4080000)
  from space 16896K, 62% used [0x00000000f5180000,0x00000000f5bbd060,0x00000000f6200000)
  to   space 17408K, 0% used [0x00000000f4080000,0x00000000f4080000,0x00000000f5180000)
 ParOldGen       total 54784K, used 34318K [0x00000000c1e00000, 0x00000000c5380000, 0x00000000eb480000)
  object space 54784K, 62% used [0x00000000c1e00000,0x00000000c3f839d0,0x00000000c5380000)
 PSPermGen       total 35328K, used 20127K [0x00000000bcc00000, 0x00000000bee80000, 0x00000000c1e00000)
  object space 35328K, 56% used [0x00000000bcc00000,0x00000000bdfa7d70,0x00000000bee80000)
}
Event: 16.669 GC heap before
{Heap before GC invocations=18 (full 1):
 PSYoungGen      total 160256K, used 153844K [0x00000000eb480000, 0x00000000f6680000, 0x0000000100000000)
  eden space 143360K, 100% used [0x00000000eb480000,0x00000000f4080000,0x00000000f4080000)
  from space 16896K, 62% used [0x00000000f5180000,0x00000000f5bbd060,0x00000000f6200000)
  to   space 17408K, 0% used [0x00000000f4080000,0x00000000f4080000,0x00000000f5180000)
 ParOldGen       total 54784K, used 34318K [0x00000000c1e00000, 0x00000000c5380000, 0x00000000eb480000)
  object space 54784K, 62% used [0x00000000c1e00000,0x00000000c3f839d0,0x00000000c5380000)
 PSPermGen       total 35328K, used 20129K [0x00000000bcc00000, 0x00000000bee80000, 0x00000000c1e00000)
  object space 35328K, 56% used [0x00000000bcc00000,0x00000000bdfa86a0,0x00000000bee80000)
Event: 16.686 GC heap after
Heap after GC invocations=18 (full 1):
 PSYoungGen      total 160768K, used 12989K [0x00000000eb480000, 0x00000000f9280000, 0x0000000100000000)
  eden space 143360K, 0% used [0x00000000eb480000,0x00000000eb480000,0x00000000f4080000)
  from space 17408K, 74% used [0x00000000f4080000,0x00000000f4d2f7d0,0x00000000f5180000)
  to   space 18944K, 0% used [0x00000000f8000000,0x00000000f8000000,0x00000000f9280000)
 ParOldGen       total 54784K, used 34382K [0x00000000c1e00000, 0x00000000c5380000, 0x00000000eb480000)
  object space 54784K, 62% used [0x00000000c1e00000,0x00000000c3f93a30,0x00000000c5380000)
 PSPermGen       total 35328K, used 20129K [0x00000000bcc00000, 0x00000000bee80000, 0x00000000c1e00000)
  object space 35328K, 56% used [0x00000000bcc00000,0x00000000bdfa86a0,0x00000000bee80000)
}
Event: 17.512 GC heap before
{Heap before GC invocations=19 (full 1):
 PSYoungGen      total 160768K, used 156349K [0x00000000eb480000, 0x00000000f9280000, 0x0000000100000000)
  eden space 143360K, 100% used [0x00000000eb480000,0x00000000f4080000,0x00000000f4080000)
  from space 17408K, 74% used [0x00000000f4080000,0x00000000f4d2f7d0,0x00000000f5180000)
  to   space 18944K, 0% used [0x00000000f8000000,0x00000000f8000000,0x00000000f9280000)
 ParOldGen       total 54784K, used 34382K [0x00000000c1e00000, 0x00000000c5380000, 0x00000000eb480000)
  object space 54784K, 62% used [0x00000000c1e00000,0x00000000c3f93a30,0x00000000c5380000)
 PSPermGen       total 35328K, used 20554K [0x00000000bcc00000, 0x00000000bee80000, 0x00000000c1e00000)
  object space 35328K, 58% used [0x00000000bcc00000,0x00000000be012898,0x00000000bee80000)
Event: 17.534 GC heap after
Heap after GC invocations=19 (full 1):
 PSYoungGen      total 203264K, used 5203K [0x00000000eb480000, 0x00000000f8f00000, 0x0000000100000000)
  eden space 187904K, 0% used [0x00000000eb480000,0x00000000eb480000,0x00000000f6c00000)
  from space 15360K, 33% used [0x00000000f8000000,0x00000000f8514f60,0x00000000f8f00000)
  to   space 17920K, 0% used [0x00000000f6c00000,0x00000000f6c00000,0x00000000f7d80000)
 ParOldGen       total 54784K, used 36114K [0x00000000c1e00000, 0x00000000c5380000, 0x00000000eb480000)
  object space 54784K, 65% used [0x00000000c1e00000,0x00000000c4144968,0x00000000c5380000)
 PSPermGen       total 35328K, used 20554K [0x00000000bcc00000, 0x00000000bee80000, 0x00000000c1e00000)
  object space 35328K, 58% used [0x00000000bcc00000,0x00000000be012898,0x00000000bee80000)
}

